<?xml version="1.0" encoding="UTF-8"?>
<!-- Generated by org.testng.reporters.JUnitXMLReporter -->
<testsuite hostname="Auntors-MacBook-Air.local" ignored="0" name="Default test" tests="15" failures="0" timestamp="2023-03-14T22:55:16 BDT" time="2.695" errors="0">
  <testcase name="@BeforeClass appSetUp" time="-1.678812914176E9" classname="com.guru99BankingDemo.testCases.BaseClass">
    <failure type="org.testng.TestNGException" message="
Parameter &amp;apos;browser&amp;apos; is required by BeforeClass on method appSetUp but has not been marked @Optional or defined
in /private/var/folders/7q/cpv7f9x12_53qzjl46jh7kyc0000gn/T/testng-eclipse-1984994274/testng-customsuite.xml">
      <![CDATA[org.testng.TestNGException: 
Parameter 'browser' is required by BeforeClass on method appSetUp but has not been marked @Optional or defined
in /private/var/folders/7q/cpv7f9x12_53qzjl46jh7kyc0000gn/T/testng-eclipse-1984994274/testng-customsuite.xml
at org.testng.internal.Parameters.createParams(Parameters.java:268)
at org.testng.internal.Parameters.createParametersForMethod(Parameters.java:356)
at org.testng.internal.Parameters.createParameters(Parameters.java:700)
at org.testng.internal.Parameters.createConfigurationParameters(Parameters.java:166)
at org.testng.internal.ConfigInvoker.invokeConfigurations(ConfigInvoker.java:301)
at org.testng.internal.TestMethodWorker.invokeBeforeClassMethods(TestMethodWorker.java:176)
at org.testng.internal.TestMethodWorker.run(TestMethodWorker.java:122)
at java.util.ArrayList.forEach(ArrayList.java:1259)
at org.testng.TestRunner.privateRun(TestRunner.java:764)
at org.testng.TestRunner.run(TestRunner.java:585)
at org.testng.SuiteRunner.runTest(SuiteRunner.java:384)
at org.testng.SuiteRunner.runSequentially(SuiteRunner.java:378)
at org.testng.SuiteRunner.privateRun(SuiteRunner.java:337)
at org.testng.SuiteRunner.run(SuiteRunner.java:286)
at org.testng.SuiteRunnerWorker.runSuite(SuiteRunnerWorker.java:53)
at org.testng.SuiteRunnerWorker.run(SuiteRunnerWorker.java:96)
at org.testng.TestNG.runSuitesSequentially(TestNG.java:1218)
at org.testng.TestNG.runSuitesLocally(TestNG.java:1140)
at org.testng.TestNG.runSuites(TestNG.java:1069)
at org.testng.TestNG.run(TestNG.java:1037)
at org.testng.remote.AbstractRemoteTestNG.run(AbstractRemoteTestNG.java:115)
at org.testng.remote.RemoteTestNG.initAndRun(RemoteTestNG.java:251)
at org.testng.remote.RemoteTestNG.main(RemoteTestNG.java:77)
]]>
    </failure>
  </testcase> <!-- @BeforeClass appSetUp -->
  <testcase name="@AfterClass tearDown" time="-1.678812916842E9" classname="com.guru99BankingDemo.testCases.BaseClass">
    <skipped/>
  </testcase> <!-- @AfterClass tearDown -->
  <testcase name="registerUsingValidEmail" time="0.0" classname="com.guru99BankingDemo.testCases.ManagerModuleTest">
    <skipped/>
  </testcase> <!-- registerUsingValidEmail -->
  <testcase name="registerUsingInvalidEmail" time="0.0" classname="com.guru99BankingDemo.testCases.ManagerModuleTest">
    <skipped/>
  </testcase> <!-- registerUsingInvalidEmail -->
  <testcase name="registerUsingInvalidEmail" time="0.0" classname="com.guru99BankingDemo.testCases.ManagerModuleTest">
    <skipped/>
  </testcase> <!-- registerUsingInvalidEmail -->
  <testcase name="registerUsingInvalidEmail" time="0.0" classname="com.guru99BankingDemo.testCases.ManagerModuleTest">
    <skipped/>
  </testcase> <!-- registerUsingInvalidEmail -->
  <testcase name="registerUsingInvalidEmail" time="0.0" classname="com.guru99BankingDemo.testCases.ManagerModuleTest">
    <skipped/>
  </testcase> <!-- registerUsingInvalidEmail -->
  <testcase name="registerUsingInvalidEmail" time="0.0" classname="com.guru99BankingDemo.testCases.ManagerModuleTest">
    <skipped/>
  </testcase> <!-- registerUsingInvalidEmail -->
  <testcase name="loginUsingValidData" time="0.0" classname="com.guru99BankingDemo.testCases.ManagerModuleTest">
    <skipped/>
  </testcase> <!-- loginUsingValidData -->
  <testcase name="loginUsingInvalidData" time="0.0" classname="com.guru99BankingDemo.testCases.ManagerModuleTest">
    <skipped/>
  </testcase> <!-- loginUsingInvalidData -->
  <testcase name="loginUsingInvalidData" time="0.0" classname="com.guru99BankingDemo.testCases.ManagerModuleTest">
    <skipped/>
  </testcase> <!-- loginUsingInvalidData -->
  <testcase name="loginUsingInvalidData" time="0.0" classname="com.guru99BankingDemo.testCases.ManagerModuleTest">
    <skipped/>
  </testcase> <!-- loginUsingInvalidData -->
  <testcase name="loginUsingInvalidData" time="0.0" classname="com.guru99BankingDemo.testCases.ManagerModuleTest">
    <skipped/>
  </testcase> <!-- loginUsingInvalidData -->
  <testcase name="loginUsingInvalidData" time="0.0" classname="com.guru99BankingDemo.testCases.ManagerModuleTest">
    <skipped/>
  </testcase> <!-- loginUsingInvalidData -->
  <testcase name="loginUsingInvalidData" time="0.0" classname="com.guru99BankingDemo.testCases.ManagerModuleTest">
    <skipped/>
  </testcase> <!-- loginUsingInvalidData -->
  <testcase name="loginUsingInvalidData" time="0.0" classname="com.guru99BankingDemo.testCases.ManagerModuleTest">
    <skipped/>
  </testcase> <!-- loginUsingInvalidData -->
  <testcase name="managerAccountLogout" time="0.0" classname="com.guru99BankingDemo.testCases.ManagerModuleTest">
    <skipped/>
  </testcase> <!-- managerAccountLogout -->
</testsuite> <!-- Default test -->
