<?xml version="1.0" encoding="UTF-8"?>
<!-- Generated by org.testng.reporters.JUnitXMLReporter -->
<testsuite hostname="Auntors-MacBook-Air.local" ignored="0" name="Regression Test" tests="15" failures="1" timestamp="2023-03-18T11:39:09 BDT" time="114.492" errors="0">
  <testcase name="registerUsingValidEmail" time="19.903" classname="com.guru99BankingDemo.testCases.ManagerModuleTest"/>
  <testcase name="registerUsingInvalidEmail" time="5.897" classname="com.guru99BankingDemo.testCases.ManagerModuleTest">
    <failure type="org.openqa.selenium.NoSuchElementException" message="no such element: Unable to locate element: {&amp;quot;method&amp;quot;:&amp;quot;css selector&amp;quot;,&amp;quot;selector&amp;quot;:&amp;quot;*[name=&amp;apos;emailid&amp;apos;]&amp;quot;}
  (Session info: chrome=111.0.5563.64)
For documentation on this error, please visit: https://selenium.dev/exceptions/#no_such_element
Build info: version: &amp;apos;4.8.1&amp;apos;, revision: &amp;apos;8ebccac989&amp;apos;
System info: os.name: &amp;apos;Mac OS X&amp;apos;, os.arch: &amp;apos;x86_64&amp;apos;, os.version: &amp;apos;12.6.1&amp;apos;, java.version: &amp;apos;1.8.0_361&amp;apos;
Driver info: org.openqa.selenium.chrome.ChromeDriver
Command: [1447e0e1e9c612986357331e3416e7b3, findElement {using=name, value=emailid}]
Capabilities {acceptInsecureCerts: false, browserName: chrome, browserVersion: 111.0.5563.64, chrome: {chromedriverVersion: 111.0.5563.64 (c710e93d5b63..., userDataDir: /var/folders/7q/cpv7f9x12_5...}, goog:chromeOptions: {debuggerAddress: localhost:50454}, networkConnectionEnabled: false, pageLoadStrategy: normal, platformName: MAC, proxy: Proxy(), se:cdp: ws://localhost:50454/devtoo..., se:cdpVersion: 111.0.5563.64, setWindowRect: true, strictFileInteractability: false, timeouts: {implicit: 0, pageLoad: 300000, script: 30000}, unhandledPromptBehavior: dismiss and notify, webauthn:extension:credBlob: true, webauthn:extension:largeBlob: true, webauthn:extension:minPinLength: true, webauthn:extension:prf: true, webauthn:virtualAuthenticators: true}
Session ID: 1447e0e1e9c612986357331e3416e7b3">
      <![CDATA[org.openqa.selenium.NoSuchElementException: no such element: Unable to locate element: {"method":"css selector","selector":"*[name='emailid']"}
  (Session info: chrome=111.0.5563.64)
For documentation on this error, please visit: https://selenium.dev/exceptions/#no_such_element
Build info: version: '4.8.1', revision: '8ebccac989'
System info: os.name: 'Mac OS X', os.arch: 'x86_64', os.version: '12.6.1', java.version: '1.8.0_361'
Driver info: org.openqa.selenium.chrome.ChromeDriver
Command: [1447e0e1e9c612986357331e3416e7b3, findElement {using=name, value=emailid}]
Capabilities {acceptInsecureCerts: false, browserName: chrome, browserVersion: 111.0.5563.64, chrome: {chromedriverVersion: 111.0.5563.64 (c710e93d5b63..., userDataDir: /var/folders/7q/cpv7f9x12_5...}, goog:chromeOptions: {debuggerAddress: localhost:50454}, networkConnectionEnabled: false, pageLoadStrategy: normal, platformName: MAC, proxy: Proxy(), se:cdp: ws://localhost:50454/devtoo..., se:cdpVersion: 111.0.5563.64, setWindowRect: true, strictFileInteractability: false, timeouts: {implicit: 0, pageLoad: 300000, script: 30000}, unhandledPromptBehavior: dismiss and notify, webauthn:extension:credBlob: true, webauthn:extension:largeBlob: true, webauthn:extension:minPinLength: true, webauthn:extension:prf: true, webauthn:virtualAuthenticators: true}
Session ID: 1447e0e1e9c612986357331e3416e7b3
at org.openqa.selenium.remote.codec.w3c.W3CHttpResponseCodec.createException(W3CHttpResponseCodec.java:200)
at org.openqa.selenium.remote.codec.w3c.W3CHttpResponseCodec.decode(W3CHttpResponseCodec.java:133)
at org.openqa.selenium.remote.codec.w3c.W3CHttpResponseCodec.decode(W3CHttpResponseCodec.java:53)
at org.openqa.selenium.remote.HttpCommandExecutor.execute(HttpCommandExecutor.java:184)
at org.openqa.selenium.remote.service.DriverCommandExecutor.invokeExecute(DriverCommandExecutor.java:167)
at org.openqa.selenium.remote.service.DriverCommandExecutor.execute(DriverCommandExecutor.java:142)
at org.openqa.selenium.remote.RemoteWebDriver.execute(RemoteWebDriver.java:543)
at org.openqa.selenium.remote.ElementLocation$ElementFinder$2.findElement(ElementLocation.java:162)
at org.openqa.selenium.remote.ElementLocation.findElement(ElementLocation.java:60)
at org.openqa.selenium.remote.RemoteWebDriver.findElement(RemoteWebDriver.java:352)
at org.openqa.selenium.remote.RemoteWebDriver.findElement(RemoteWebDriver.java:344)
at org.openqa.selenium.support.pagefactory.DefaultElementLocator.findElement(DefaultElementLocator.java:70)
at org.openqa.selenium.support.pagefactory.internal.LocatingElementHandler.invoke(LocatingElementHandler.java:39)
at com.sun.proxy.$Proxy16.sendKeys(Unknown Source)
at com.guru99BankingDemo.pageObjects.ManagerRegistrationPage.ManagerRegistration(ManagerRegistrationPage.java:37)
at com.guru99BankingDemo.testCases.ManagerModuleTest.registerUsingInvalidEmail(ManagerModuleTest.java:51)
at java.util.ArrayList.forEach(ArrayList.java:1259)
... Removed 31 stack frames]]>
    </failure>
  </testcase> <!-- registerUsingInvalidEmail -->
  <testcase name="registerUsingInvalidEmail" time="3.66" classname="com.guru99BankingDemo.testCases.ManagerModuleTest"/>
  <testcase name="registerUsingInvalidEmail" time="2.899" classname="com.guru99BankingDemo.testCases.ManagerModuleTest"/>
  <testcase name="registerUsingInvalidEmail" time="2.931" classname="com.guru99BankingDemo.testCases.ManagerModuleTest"/>
  <testcase name="registerUsingInvalidEmail" time="2.794" classname="com.guru99BankingDemo.testCases.ManagerModuleTest"/>
  <testcase name="loginUsingValidData" time="5.666" classname="com.guru99BankingDemo.testCases.ManagerModuleTest"/>
  <testcase name="loginUsingInvalidData" time="7.032" classname="com.guru99BankingDemo.testCases.ManagerModuleTest"/>
  <testcase name="loginUsingInvalidData" time="6.112" classname="com.guru99BankingDemo.testCases.ManagerModuleTest"/>
  <testcase name="loginUsingInvalidData" time="6.63" classname="com.guru99BankingDemo.testCases.ManagerModuleTest"/>
  <testcase name="loginUsingInvalidData" time="5.804" classname="com.guru99BankingDemo.testCases.ManagerModuleTest"/>
  <testcase name="loginUsingInvalidData" time="5.902" classname="com.guru99BankingDemo.testCases.ManagerModuleTest"/>
  <testcase name="loginUsingInvalidData" time="6.31" classname="com.guru99BankingDemo.testCases.ManagerModuleTest"/>
  <testcase name="loginUsingInvalidData" time="6.045" classname="com.guru99BankingDemo.testCases.ManagerModuleTest"/>
  <testcase name="managerAccountLogout" time="6.33" classname="com.guru99BankingDemo.testCases.ManagerModuleTest"/>
</testsuite> <!-- Regression Test -->
