<?xml version="1.0" encoding="UTF-8"?>
<!-- Generated by org.testng.reporters.JUnitReportReporter -->
<testsuite skipped="0" hostname="Auntors-MacBook-Air.local" name="com.guru99BankingDemo.testCases.ManagerModuleTest" tests="15" failures="0" timestamp="2023-03-18T11:39:09 BDT" time="93.915" errors="1">
  <testcase name="registerUsingValidEmail" time="19.903" classname="com.guru99BankingDemo.testCases.ManagerModuleTest"/>
  <system-out/>
  <testcase name="registerUsingInvalidEmail" time="2.794" classname="com.guru99BankingDemo.testCases.ManagerModuleTest"/>
  <system-out/>
  <testcase name="registerUsingInvalidEmail" time="2.931" classname="com.guru99BankingDemo.testCases.ManagerModuleTest"/>
  <system-out/>
  <testcase name="registerUsingInvalidEmail" time="2.899" classname="com.guru99BankingDemo.testCases.ManagerModuleTest"/>
  <system-out/>
  <testcase name="registerUsingInvalidEmail" time="5.897" classname="com.guru99BankingDemo.testCases.ManagerModuleTest">
    <error type="org.openqa.selenium.NoSuchElementException" message="no such element: Unable to locate element: {&quot;method&quot;:&quot;css selector&quot;,&quot;selector&quot;:&quot;*[name=&#039;emailid&#039;]&quot;}
  (Session info: chrome=111.0.5563.64)
For documentation on this error, please visit: https://selenium.dev/exceptions/#no_such_element
Build info: version: &#039;4.8.1&#039;, revision: &#039;8ebccac989&#039;
System info: os.name: &#039;Mac OS X&#039;, os.arch: &#039;x86_64&#039;, os.version: &#039;12.6.1&#039;, java.version: &#039;1.8.0_361&#039;
Driver info: org.openqa.selenium.chrome.ChromeDriver
Command: [1447e0e1e9c612986357331e3416e7b3, findElement {using=name, value=emailid}]
Capabilities {acceptInsecureCerts: false, browserName: chrome, browserVersion: 111.0.5563.64, chrome: {chromedriverVersion: 111.0.5563.64 (c710e93d5b63..., userDataDir: /var/folders/7q/cpv7f9x12_5...}, goog:chromeOptions: {debuggerAddress: localhost:50454}, networkConnectionEnabled: false, pageLoadStrategy: normal, platformName: MAC, proxy: Proxy(), se:cdp: ws://localhost:50454/devtoo..., se:cdpVersion: 111.0.5563.64, setWindowRect: true, strictFileInteractability: false, timeouts: {implicit: 0, pageLoad: 300000, script: 30000}, unhandledPromptBehavior: dismiss and notify, webauthn:extension:credBlob: true, webauthn:extension:largeBlob: true, webauthn:extension:minPinLength: true, webauthn:extension:prf: true, webauthn:virtualAuthenticators: true}
Session ID: 1447e0e1e9c612986357331e3416e7b3">
      <![CDATA[org.openqa.selenium.NoSuchElementException: no such element: Unable to locate element: {"method":"css selector","selector":"*[name='emailid']"}
  (Session info: chrome=111.0.5563.64)
For documentation on this error, please visit: https://selenium.dev/exceptions/#no_such_element
Build info: version: '4.8.1', revision: '8ebccac989'
System info: os.name: 'Mac OS X', os.arch: 'x86_64', os.version: '12.6.1', java.version: '1.8.0_361'
Driver info: org.openqa.selenium.chrome.ChromeDriver
Command: [1447e0e1e9c612986357331e3416e7b3, findElement {using=name, value=emailid}]
Capabilities {acceptInsecureCerts: false, browserName: chrome, browserVersion: 111.0.5563.64, chrome: {chromedriverVersion: 111.0.5563.64 (c710e93d5b63..., userDataDir: /var/folders/7q/cpv7f9x12_5...}, goog:chromeOptions: {debuggerAddress: localhost:50454}, networkConnectionEnabled: false, pageLoadStrategy: normal, platformName: MAC, proxy: Proxy(), se:cdp: ws://localhost:50454/devtoo..., se:cdpVersion: 111.0.5563.64, setWindowRect: true, strictFileInteractability: false, timeouts: {implicit: 0, pageLoad: 300000, script: 30000}, unhandledPromptBehavior: dismiss and notify, webauthn:extension:credBlob: true, webauthn:extension:largeBlob: true, webauthn:extension:minPinLength: true, webauthn:extension:prf: true, webauthn:virtualAuthenticators: true}
Session ID: 1447e0e1e9c612986357331e3416e7b3
at sun.reflect.NativeConstructorAccessorImpl.newInstance0(Native Method)
at sun.reflect.NativeConstructorAccessorImpl.newInstance(NativeConstructorAccessorImpl.java:62)
at sun.reflect.DelegatingConstructorAccessorImpl.newInstance(DelegatingConstructorAccessorImpl.java:45)
at java.lang.reflect.Constructor.newInstance(Constructor.java:423)
at org.openqa.selenium.remote.codec.w3c.W3CHttpResponseCodec.createException(W3CHttpResponseCodec.java:200)
at org.openqa.selenium.remote.codec.w3c.W3CHttpResponseCodec.decode(W3CHttpResponseCodec.java:133)
at org.openqa.selenium.remote.codec.w3c.W3CHttpResponseCodec.decode(W3CHttpResponseCodec.java:53)
at org.openqa.selenium.remote.HttpCommandExecutor.execute(HttpCommandExecutor.java:184)
at org.openqa.selenium.remote.service.DriverCommandExecutor.invokeExecute(DriverCommandExecutor.java:167)
at org.openqa.selenium.remote.service.DriverCommandExecutor.execute(DriverCommandExecutor.java:142)
at org.openqa.selenium.remote.RemoteWebDriver.execute(RemoteWebDriver.java:543)
at org.openqa.selenium.remote.ElementLocation$ElementFinder$2.findElement(ElementLocation.java:162)
at org.openqa.selenium.remote.ElementLocation.findElement(ElementLocation.java:60)
at org.openqa.selenium.remote.RemoteWebDriver.findElement(RemoteWebDriver.java:352)
at org.openqa.selenium.remote.RemoteWebDriver.findElement(RemoteWebDriver.java:344)
at org.openqa.selenium.support.pagefactory.DefaultElementLocator.findElement(DefaultElementLocator.java:70)
at org.openqa.selenium.support.pagefactory.internal.LocatingElementHandler.invoke(LocatingElementHandler.java:39)
at com.sun.proxy.$Proxy16.sendKeys(Unknown Source)
at com.guru99BankingDemo.pageObjects.ManagerRegistrationPage.ManagerRegistration(ManagerRegistrationPage.java:37)
at com.guru99BankingDemo.testCases.ManagerModuleTest.registerUsingInvalidEmail(ManagerModuleTest.java:51)
at sun.reflect.NativeMethodAccessorImpl.invoke0(Native Method)
at sun.reflect.NativeMethodAccessorImpl.invoke(NativeMethodAccessorImpl.java:62)
at sun.reflect.DelegatingMethodAccessorImpl.invoke(DelegatingMethodAccessorImpl.java:43)
at java.lang.reflect.Method.invoke(Method.java:498)
at org.testng.internal.MethodInvocationHelper.invokeMethod(MethodInvocationHelper.java:132)
at org.testng.internal.TestInvoker.invokeMethod(TestInvoker.java:599)
at org.testng.internal.TestInvoker.invokeTestMethod(TestInvoker.java:174)
at org.testng.internal.MethodRunner.runInSequence(MethodRunner.java:46)
at org.testng.internal.TestInvoker$MethodInvocationAgent.invoke(TestInvoker.java:822)
at org.testng.internal.TestInvoker.invokeTestMethods(TestInvoker.java:147)
at org.testng.internal.TestMethodWorker.invokeTestMethods(TestMethodWorker.java:146)
at org.testng.internal.TestMethodWorker.run(TestMethodWorker.java:128)
at java.util.ArrayList.forEach(ArrayList.java:1259)
at org.testng.TestRunner.privateRun(TestRunner.java:764)
at org.testng.TestRunner.run(TestRunner.java:585)
at org.testng.SuiteRunner.runTest(SuiteRunner.java:384)
at org.testng.SuiteRunner.runSequentially(SuiteRunner.java:378)
at org.testng.SuiteRunner.privateRun(SuiteRunner.java:337)
at org.testng.SuiteRunner.run(SuiteRunner.java:286)
at org.testng.SuiteRunnerWorker.runSuite(SuiteRunnerWorker.java:53)
at org.testng.SuiteRunnerWorker.run(SuiteRunnerWorker.java:96)
at org.testng.TestNG.runSuitesSequentially(TestNG.java:1218)
at org.testng.TestNG.runSuitesLocally(TestNG.java:1140)
at org.testng.TestNG.runSuites(TestNG.java:1069)
at org.testng.TestNG.run(TestNG.java:1037)
at org.testng.remote.AbstractRemoteTestNG.run(AbstractRemoteTestNG.java:115)
at org.testng.remote.RemoteTestNG.initAndRun(RemoteTestNG.java:251)
at org.testng.remote.RemoteTestNG.main(RemoteTestNG.java:77)
]]>
    </error>
  </testcase> <!-- registerUsingInvalidEmail -->
  <system-out/>
  <testcase name="registerUsingInvalidEmail" time="3.660" classname="com.guru99BankingDemo.testCases.ManagerModuleTest"/>
  <system-out/>
  <testcase name="loginUsingValidData" time="5.666" classname="com.guru99BankingDemo.testCases.ManagerModuleTest"/>
  <system-out/>
  <testcase name="loginUsingInvalidData" time="7.032" classname="com.guru99BankingDemo.testCases.ManagerModuleTest"/>
  <system-out/>
  <testcase name="loginUsingInvalidData" time="6.045" classname="com.guru99BankingDemo.testCases.ManagerModuleTest"/>
  <system-out/>
  <testcase name="loginUsingInvalidData" time="6.112" classname="com.guru99BankingDemo.testCases.ManagerModuleTest"/>
  <system-out/>
  <testcase name="loginUsingInvalidData" time="5.902" classname="com.guru99BankingDemo.testCases.ManagerModuleTest"/>
  <system-out/>
  <testcase name="loginUsingInvalidData" time="6.310" classname="com.guru99BankingDemo.testCases.ManagerModuleTest"/>
  <system-out/>
  <testcase name="loginUsingInvalidData" time="6.630" classname="com.guru99BankingDemo.testCases.ManagerModuleTest"/>
  <system-out/>
  <testcase name="loginUsingInvalidData" time="5.804" classname="com.guru99BankingDemo.testCases.ManagerModuleTest"/>
  <system-out/>
  <testcase name="managerAccountLogout" time="6.330" classname="com.guru99BankingDemo.testCases.ManagerModuleTest"/>
  <system-out/>
</testsuite> <!-- com.guru99BankingDemo.testCases.ManagerModuleTest -->
